<?xml version="1.0" encoding="UTF-8"?>
<!-- Generated by org.testng.reporters.JUnitXMLReporter -->
<testsuite hostname="DESKTOP-RDMHKH3" ignored="0" name="Mobile Test" tests="4" failures="1" timestamp="2020-05-23T14:15:53 IDT" time="110.4" errors="0">
  <testcase name="login" time="4.532" classname="SanityTests.experiBankMobile"/>
  <testcase name="makeOnePayment" time="20.366" classname="SanityTests.experiBankMobile"/>
  <testcase name="takeMortgage" time="66.957" classname="SanityTests.experiBankMobile"/>
  <testcase name="error" time="0.375" classname="SanityTests.experiBankMobile">
    <failure type="java.lang.AssertionError" message="expected [100.00$] but found [Your balance is: 75.00$]">
      <![CDATA[java.lang.AssertionError: expected [100.00$] but found [Your balance is: 75.00$]
at Extensions.verifications.assertTextInElement(verifications.java:41)
at SanityTests.experiBankMobile.error(experiBankMobile.java:44)
at java.util.ArrayList.forEach(ArrayList.java:1257)
... Removed 36 stack frames]]>
    </failure>
  </testcase> <!-- error -->
</testsuite> <!-- Mobile Test -->
